{"trace_id":"4b4770ff-40da-4a2c-88b9-a7565b77bd26","timestamp":"2025-11-01T18:01:42.813Z","bead_id":"test-bead-123","task_description":"Test error capture","bullets_consulted":[],"execution_results":[{"status":"fail","errors":[{"tool":"tsc","file":"test-file.ts","line":3,"column":7,"severity":"error","code":"TS2322","message":"Type 'number' is not assignable to type 'string'."},{"tool":"tsc","file":"test-file.ts","line":4,"column":29,"severity":"error","code":"TS2307","message":"Cannot find module './missing' or its corresponding type declarations."},{"tool":"tsc","file":"test-file.ts","line":7,"column":15,"severity":"error","code":"TS2552","message":"Cannot find name 'undefinedVar'. Did you mean 'undefined'?"}],"stdout":"test-file.ts(3,7): error TS2322: Type 'number' is not assignable to type 'string'.\ntest-file.ts(4,29): error TS2307: Cannot find module './missing' or its corresponding type declarations.\ntest-file.ts(7,15): error TS2552: Cannot find name 'undefinedVar'. Did you mean 'undefined'?\n","stderr":"","exitCode":2,"duration":794,"timestamp":"2025-11-01T18:01:42.019Z"}],"discovered_issues":[],"completed":true,"outcome":"failure"}
{"trace_id":"1f03dce1-223d-4050-9a29-410cf96c9517","timestamp":"2025-11-01T18:01:54.564Z","bead_id":"test-bead-123","task_description":"Test error capture","bullets_consulted":[],"execution_results":[{"status":"fail","errors":[{"tool":"tsc","file":"test-file.ts","line":3,"column":7,"severity":"error","code":"TS2322","message":"Type 'number' is not assignable to type 'string'."},{"tool":"tsc","file":"test-file.ts","line":4,"column":29,"severity":"error","code":"TS2307","message":"Cannot find module './missing' or its corresponding type declarations."},{"tool":"tsc","file":"test-file.ts","line":7,"column":15,"severity":"error","code":"TS2552","message":"Cannot find name 'undefinedVar'. Did you mean 'undefined'?"}],"stdout":"test-file.ts(3,7): error TS2322: Type 'number' is not assignable to type 'string'.\ntest-file.ts(4,29): error TS2307: Cannot find module './missing' or its corresponding type declarations.\ntest-file.ts(7,15): error TS2552: Cannot find name 'undefinedVar'. Did you mean 'undefined'?\n","stderr":"","exitCode":2,"duration":749,"timestamp":"2025-11-01T18:01:53.814Z"}],"discovered_issues":[],"completed":true,"outcome":"failure"}
